1683923595129	geckodriver	INFO	Listening on 127.0.0.1:51239
1683923595231	mozrunner::runner	INFO	Running command: MOZ_CRASHREPORTER="1" MOZ_CRASHREPORTER_NO_REPORT="1" MOZ_CRASHREPORTER_SHUTDOWN="1" MOZ_NO_REMOTE="1" "/usr ... te" "--remote-debugging-port" "41301" "--remote-allow-hosts" "localhost" "-no-remote" "-profile" "/tmp/rust_mozprofilekBYJlw"
console.warn: services.settings: Ignoring preference override of remote settings server
console.warn: services.settings: Allow by setting MOZ_REMOTE_SETTINGS_DEVTOOLS=1 in the environment
ATTENTION: default value of option mesa_glthread overridden by environment.
1683923597200	Marionette	INFO	Marionette enabled
1683923597213	Marionette	INFO	Listening on port 35207
Read port: 35207
WebDriver BiDi listening on ws://127.0.0.1:41301
1683923597848	RemoteAgent	WARN	TLS certificate errors will be ignored for this session
console.error: ({})
console.warn: SearchSettings: "get: No settings file exists, new profile?" (new NotFoundError("Could not open the file at /tmp/rust_mozprofilekBYJlw/search.json.mozlz4", (void 0)))
[ERROR glean_core] Error setting metrics feature config: Json(Error("EOF while parsing a value", line: 1, column: 0))
DevTools listening on ws://127.0.0.1:41301/devtools/browser/efb4e4eb-4bf5-48c1-9ad6-029c1d7e4658
JavaScript warning: https://books.toscrape.com/static/oscar/js/jquery/jquery-1.9.1.min.js, line 2: Using //@ to indicate sourceMappingURL pragmas is deprecated. Use //# instead
ATTENTION: default value of option mesa_glthread overridden by environment.
JavaScript warning: https://static.xx.fbcdn.net/rsrc.php/v3iqES4/yj/l/en_US/c78rBSKGb1H.js?_nc_x=Ij3Wp8lg5Kz, line 20: WEBGL_debug_renderer_info is deprecated in Firefox and will be removed. Please use RENDERER.
JavaScript warning: https://books.toscrape.com/static/oscar/js/jquery/jquery-1.9.1.min.js, line 2: Using //@ to indicate sourceMappingURL pragmas is deprecated. Use //# instead
ATTENTION: default value of option mesa_glthread overridden by environment.
JavaScript warning: https://github.githubassets.com/assets/vendors-node_modules_github_webgl-globe_dist_js_main_js-13e563907b63.js, line 1: Failed to create WebGL context: WebGL creation failed: 
* tryNativeGL (FEATURE_FAILURE_EGL_NO_CONFIG)
* Exhausted GL driver options. (FEATURE_FAILURE_WEBGL_EXHAUSTED_DRIVERS)
console.warn: LoginRecipes: "Falling back to a synchronous message for: https://github.com."
1683924340896	Marionette	WARN	TimedPromise timed out after 500 ms: stacktrace:
TimedPromise/<@chrome://remote/content/marionette/sync.sys.mjs:219:24
TimedPromise@chrome://remote/content/marionette/sync.sys.mjs:204:10
interaction.flushEventLoop@chrome://remote/content/marionette/interaction.sys.mjs:424:10
webdriverClickElement@chrome://remote/content/marionette/interaction.sys.mjs:173:31
JavaScript error: resource://devtools/server/actors/resources/network-events-content.js, line 70: NS_NOINTERFACE: Component returned failure code: 0x80004002 (NS_NOINTERFACE) [nsISupports.QueryInterface]
JavaScript error: resource://devtools/server/actors/resources/network-events-content.js, line 70: NS_NOINTERFACE: Component returned failure code: 0x80004002 (NS_NOINTERFACE) [nsISupports.QueryInterface]
JavaScript error: resource://devtools/server/actors/resources/network-events-content.js, line 70: NS_NOINTERFACE: Component returned failure code: 0x80004002 (NS_NOINTERFACE) [nsISupports.QueryInterface]
JavaScript error: resource://devtools/server/actors/resources/network-events-content.js, line 70: NS_NOINTERFACE: Component returned failure code: 0x80004002 (NS_NOINTERFACE) [nsISupports.QueryInterface]
JavaScript error: resource://devtools/server/actors/resources/network-events-content.js, line 70: NS_NOINTERFACE: Component returned failure code: 0x80004002 (NS_NOINTERFACE) [nsISupports.QueryInterface]
JavaScript error: resource://devtools/server/actors/resources/network-events-content.js, line 70: NS_NOINTERFACE: Component returned failure code: 0x80004002 (NS_NOINTERFACE) [nsISupports.QueryInterface]
JavaScript error: resource://devtools/server/actors/resources/network-events-content.js, line 70: NS_NOINTERFACE: Component returned failure code: 0x80004002 (NS_NOINTERFACE) [nsISupports.QueryInterface]
JavaScript error: resource://devtools/server/actors/resources/network-events-content.js, line 70: NS_NOINTERFACE: Component returned failure code: 0x80004002 (NS_NOINTERFACE) [nsISupports.QueryInterface]
console.error: "Error while calling actor 'pagestyle's method 'getLayout'" "node is null"
console.error: (new TypeError("node is null", "resource://devtools/server/actors/page-style.js", 932))
console.warn: "Async method failed in safeAsyncMethod" (new Error("Connection closed, pending request to server0.conn0.windowGlobal15032385538/layout28, type getGrids failed\n\nRequest stack:\nrequest@resource://devtools/shared/protocol/Front.js:300:14\ngenerateRequestMethods/</frontProto[name]@resource://devtools/shared/protocol/Front/FrontClassWithSpec.js:47:19\ngetAllGrids@resource://devtools/client/fronts/layout.js:173:17\nexports.safeAsyncMethod/<@resource://devtools/shared/async-utils.js:61:25\ngetGrids@resource://devtools/client/inspector/grids/grid-inspector.js:452:35\n", "resource://devtools/shared/protocol/Front.js", 106))
console.warn: "Async method failed in safeAsyncMethod" (new Error("Connection closed, pending request to server0.conn0.windowGlobal15032385538/customhighlighter103, type show failed\n\nRequest stack:\nrequest@resource://devtools/shared/protocol/Front.js:300:14\ngenerateRequestMethods/</frontProto[name]@resource://devtools/shared/protocol/Front/FrontClassWithSpec.js:47:19\nshow@resource://devtools/client/fronts/highlighters.js:31:18\nexports.safeAsyncMethod/<@resource://devtools/shared/async-utils.js:61:25\nshowHighlighterTypeForNode@resource://devtools/client/inspector/shared/highlighters-overlay.js:578:23\n", "resource://devtools/shared/protocol/Front.js", 106))
console.warn: "Async method failed in safeAsyncMethod" (new Error("Connection closed, pending request to server0.conn0.windowGlobal15032385538/customhighlighter103, type hide failed\n\nRequest stack:\nrequest@resource://devtools/shared/protocol/Front.js:300:14\ngenerateRequestMethods/</frontProto[name]@resource://devtools/shared/protocol/Front/FrontClassWithSpec.js:47:19\nhide@resource://devtools/client/fronts/highlighters.js:36:18\nexports.safeAsyncMethod/<@resource://devtools/shared/async-utils.js:61:25\nhideHighlighterType@resource://devtools/client/inspector/shared/highlighters-overlay.js:637:23\nexports.safeAsyncMethod/<@resource://devtools/shared/async-utils.js:61:25\n_hideBoxModel@resource://devtools/client/inspector/markup/markup.js:787:40\n_onMouseOut@resource://devtools/client/inspector/markup/markup.js:755:16\n", "resource://devtools/shared/protocol/Front.js", 106))
console.warn: "Inspector destroyed while executing onReflow callback"
console.warn: "Inspector destroyed while executing onReflow callback"
console.warn: "Inspector destroyed while executing onReflow callback"
JavaScript error: , line 0: NotFoundError: No such JSWindowActor 'DevToolsFrame'
JavaScript error: , line 0: NotFoundError: No such JSWindowActor 'DevToolsFrame'
JavaScript error: , line 0: NotFoundError: No such JSWindowActor 'DevToolsFrame'
JavaScript error: , line 0: NotFoundError: No such JSWindowActor 'DevToolsFrame'
JavaScript error: resource://devtools/server/actors/resources/network-events-content.js, line 70: NS_NOINTERFACE: Component returned failure code: 0x80004002 (NS_NOINTERFACE) [nsISupports.QueryInterface]
JavaScript error: resource://devtools/server/actors/resources/network-events-content.js, line 70: NS_NOINTERFACE: Component returned failure code: 0x80004002 (NS_NOINTERFACE) [nsISupports.QueryInterface]
JavaScript error: resource://devtools/server/actors/resources/network-events-content.js, line 70: NS_NOINTERFACE: Component returned failure code: 0x80004002 (NS_NOINTERFACE) [nsISupports.QueryInterface]
JavaScript error: resource://devtools/server/actors/resources/network-events-content.js, line 70: NS_NOINTERFACE: Component returned failure code: 0x80004002 (NS_NOINTERFACE) [nsISupports.QueryInterface]
JavaScript error: resource://devtools/server/actors/resources/network-events-content.js, line 70: NS_NOINTERFACE: Component returned failure code: 0x80004002 (NS_NOINTERFACE) [nsISupports.QueryInterface]
JavaScript error: resource://devtools/server/actors/resources/network-events-content.js, line 70: NS_NOINTERFACE: Component returned failure code: 0x80004002 (NS_NOINTERFACE) [nsISupports.QueryInterface]
JavaScript error: resource://devtools/server/actors/resources/network-events-content.js, line 70: NS_NOINTERFACE: Component returned failure code: 0x80004002 (NS_NOINTERFACE) [nsISupports.QueryInterface]
JavaScript error: resource://devtools/server/actors/resources/network-events-content.js, line 70: NS_NOINTERFACE: Component returned failure code: 0x80004002 (NS_NOINTERFACE) [nsISupports.QueryInterface]
JavaScript error: resource://devtools/server/actors/resources/network-events-content.js, line 70: NS_NOINTERFACE: Component returned failure code: 0x80004002 (NS_NOINTERFACE) [nsISupports.QueryInterface]
JavaScript error: resource://devtools/server/actors/resources/network-events-content.js, line 70: NS_NOINTERFACE: Component returned failure code: 0x80004002 (NS_NOINTERFACE) [nsISupports.QueryInterface]
JavaScript error: resource://devtools/server/actors/resources/network-events-content.js, line 70: NS_NOINTERFACE: Component returned failure code: 0x80004002 (NS_NOINTERFACE) [nsISupports.QueryInterface]
JavaScript error: resource://devtools/server/actors/resources/network-events-content.js, line 70: NS_NOINTERFACE: Component returned failure code: 0x80004002 (NS_NOINTERFACE) [nsISupports.QueryInterface]
console.error: "Error while calling actor 'pagestyle's method 'getLayout'" "node is null"
console.error: (new TypeError("node is null", "resource://devtools/server/actors/page-style.js", 932))
console.error: "Error while calling actor 'pagestyle's method 'getLayout'" "node is null"
console.error: (new TypeError("node is null", "resource://devtools/server/actors/page-style.js", 932))
console.error: (new TypeError("parent is null", "resource://devtools/client/inspector/shared/style-change-tracker.js", 67))
TypeError: parent is null: canMutationImpactCurrentStyles@resource://devtools/client/inspector/shared/style-change-tracker.js:67:24
onMutations@resource://devtools/client/inspector/shared/style-change-tracker.js:84:41
_emit@resource://devtools/shared/event-emitter.js:242:32
emit@resource://devtools/shared/event-emitter.js:186:18
emit@resource://devtools/shared/event-emitter.js:330:18
getMutations@resource://devtools/client/fronts/walker.js:313:10

console.error: (new Error("Protocol error (TypeError): node is null from: server0.conn0.windowGlobal15032385538/pagestyle19 (resource://devtools/server/actors/page-style.js:932:5)", "resource://devtools/shared/protocol/Front.js", 383))
console.error: (new Error("Protocol error (TypeError): node is null from: server0.conn0.windowGlobal15032385538/pagestyle19 (resource://devtools/server/actors/page-style.js:932:5)", "resource://devtools/shared/protocol/Front.js", 383))
console.error: "Error while calling actor 'pagestyle's method 'getLayout'" "node is null"
console.error: (new TypeError("node is null", "resource://devtools/server/actors/page-style.js", 932))
console.error: "Error while calling actor 'pagestyle's method 'getApplied'" "node is null"
console.error: (new TypeError("node is null", "resource://devtools/server/actors/page-style.js", 523))
console.warn: "Async method failed in safeAsyncMethod" (new Error("Connection closed, pending request to server0.conn0.windowGlobal15032385538/layout29, type getGrids failed\n\nRequest stack:\nrequest@resource://devtools/shared/protocol/Front.js:300:14\ngenerateRequestMethods/</frontProto[name]@resource://devtools/shared/protocol/Front/FrontClassWithSpec.js:47:19\ngetAllGrids@resource://devtools/client/fronts/layout.js:173:17\nexports.safeAsyncMethod/<@resource://devtools/shared/async-utils.js:61:25\ngetGrids@resource://devtools/client/inspector/grids/grid-inspector.js:452:35\n", "resource://devtools/shared/protocol/Front.js", 106))
console.warn: "Async method failed in safeAsyncMethod" (new Error("Connection closed, pending request to server0.conn0.windowGlobal15032385538/layout29, type getGrids failed\n\nRequest stack:\nrequest@resource://devtools/shared/protocol/Front.js:300:14\ngenerateRequestMethods/</frontProto[name]@resource://devtools/shared/protocol/Front/FrontClassWithSpec.js:47:19\ngetAllGrids@resource://devtools/client/fronts/layout.js:173:17\nexports.safeAsyncMethod/<@resource://devtools/shared/async-utils.js:61:25\ngetGrids@resource://devtools/client/inspector/grids/grid-inspector.js:452:35\n", "resource://devtools/shared/protocol/Front.js", 106))
console.warn: "Async method failed in safeAsyncMethod" (new Error("Connection closed, pending request to server0.conn0.windowGlobal15032385538/layout29, type getGrids failed\n\nRequest stack:\nrequest@resource://devtools/shared/protocol/Front.js:300:14\ngenerateRequestMethods/</frontProto[name]@resource://devtools/shared/protocol/Front/FrontClassWithSpec.js:47:19\ngetAllGrids@resource://devtools/client/fronts/layout.js:173:17\nexports.safeAsyncMethod/<@resource://devtools/shared/async-utils.js:61:25\ngetGrids@resource://devtools/client/inspector/grids/grid-inspector.js:452:35\n", "resource://devtools/shared/protocol/Front.js", 106))
console.warn: "Async method failed in safeAsyncMethod" (new Error("Connection closed, pending request to server0.conn0.windowGlobal15032385538/layout29, type getGrids failed\n\nRequest stack:\nrequest@resource://devtools/shared/protocol/Front.js:300:14\ngenerateRequestMethods/</frontProto[name]@resource://devtools/shared/protocol/Front/FrontClassWithSpec.js:47:19\ngetAllGrids@resource://devtools/client/fronts/layout.js:173:17\nexports.safeAsyncMethod/<@resource://devtools/shared/async-utils.js:61:25\ngetGrids@resource://devtools/client/inspector/grids/grid-inspector.js:452:35\n", "resource://devtools/shared/protocol/Front.js", 106))
console.warn: "Async method failed in safeAsyncMethod" (new Error("Connection closed, pending request to server0.conn0.windowGlobal15032385538/customhighlighter65, type show failed\n\nRequest stack:\nrequest@resource://devtools/shared/protocol/Front.js:300:14\ngenerateRequestMethods/</frontProto[name]@resource://devtools/shared/protocol/Front/FrontClassWithSpec.js:47:19\nshow@resource://devtools/client/fronts/highlighters.js:31:18\nexports.safeAsyncMethod/<@resource://devtools/shared/async-utils.js:61:25\nshowHighlighterTypeForNode@resource://devtools/client/inspector/shared/highlighters-overlay.js:578:23\n", "resource://devtools/shared/protocol/Front.js", 106))
console.warn: "Async method failed in safeAsyncMethod" (new Error("Connection closed, pending request to server0.conn0.windowGlobal15032385538/customhighlighter65, type hide failed\n\nRequest stack:\nrequest@resource://devtools/shared/protocol/Front.js:300:14\ngenerateRequestMethods/</frontProto[name]@resource://devtools/shared/protocol/Front/FrontClassWithSpec.js:47:19\nhide@resource://devtools/client/fronts/highlighters.js:36:18\nexports.safeAsyncMethod/<@resource://devtools/shared/async-utils.js:61:25\nhideHighlighterType@resource://devtools/client/inspector/shared/highlighters-overlay.js:637:23\nexports.safeAsyncMethod/<@resource://devtools/shared/async-utils.js:61:25\nscheduleAutoHideHighlighterType/timer<@resource://devtools/client/inspector/shared/highlighters-overlay.js:606:18\nnotify@resource://gre/modules/Timer.sys.mjs:49:17\n", "resource://devtools/shared/protocol/Front.js", 106))
console.error: "Error while calling actor 'watcher's method 'watchResources'" "An attempt was made to use an object that is not, or is no longer, usable"
console.error: (new InvalidStateError("An attempt was made to use an object that is not, or is no longer, usable", (void 0), 101))
JavaScript error: , line 0: NotFoundError: No such JSWindowActor 'DevToolsFrame'
JavaScript error: , line 0: NotFoundError: No such JSWindowActor 'DevToolsFrame'
JavaScript error: , line 0: NotFoundError: No such JSWindowActor 'DevToolsFrame'
JavaScript error: , line 0: NotFoundError: No such JSWindowActor 'DevToolsFrame'
JavaScript error: , line 0: NotFoundError: No such JSWindowActor 'DevToolsFrame'
JavaScript error: , line 0: NotFoundError: No such JSWindowActor 'DevToolsFrame'
JavaScript error: , line 0: NotFoundError: No such JSWindowActor 'DevToolsFrame'
JavaScript error: , line 0: NotFoundError: No such JSWindowActor 'DevToolsFrame'
JavaScript error: , line 0: NotFoundError: No such JSWindowActor 'DevToolsFrame'
JavaScript error: , line 0: NotFoundError: No such JSWindowActor 'DevToolsFrame'
JavaScript error: , line 0: NotFoundError: No such JSWindowActor 'DevToolsFrame'
JavaScript error: , line 0: NotFoundError: No such JSWindowActor 'DevToolsFrame'
JavaScript error: , line 0: NotFoundError: No such JSWindowActor 'DevToolsFrame'
JavaScript error: , line 0: NotFoundError: No such JSWindowActor 'DevToolsFrame'
JavaScript error: , line 0: NotFoundError: No such JSWindowActor 'DevToolsFrame'
JavaScript error: , line 0: NotFoundError: No such JSWindowActor 'DevToolsFrame'
JavaScript error: , line 0: NotFoundError: No such JSWindowActor 'DevToolsFrame'
JavaScript error: , line 0: NotFoundError: No such JSWindowActor 'DevToolsFrame'
JavaScript error: , line 0: NotFoundError: No such JSWindowActor 'DevToolsFrame'
JavaScript error: , line 0: NotFoundError: No such JSWindowActor 'DevToolsFrame'
JavaScript error: , line 0: NotFoundError: No such JSWindowActor 'DevToolsFrame'
console.warn: LoginRecipes: "Falling back to a synchronous message for: http://127.0.0.1:7900."
1683927307886	Marionette	INFO	Stopped listening on port 35207
JavaScript error: , line 0: NotFoundError: No such JSWindowActor 'DevToolsFrame'
1683940035814	geckodriver	INFO	Listening on 127.0.0.1:42757
1683940036349	mozrunner::runner	INFO	Running command: MOZ_CRASHREPORTER="1" MOZ_CRASHREPORTER_NO_REPORT="1" MOZ_CRASHREPORTER_SHUTDOWN="1" MOZ_NO_REMOTE="1" "/usr ... te" "--remote-debugging-port" "47329" "--remote-allow-hosts" "localhost" "-no-remote" "-profile" "/tmp/rust_mozprofileJ0TTRs"
console.warn: services.settings: Ignoring preference override of remote settings server
console.warn: services.settings: Allow by setting MOZ_REMOTE_SETTINGS_DEVTOOLS=1 in the environment
ATTENTION: default value of option mesa_glthread overridden by environment.
1683940038119	Marionette	INFO	Marionette enabled
1683940038130	Marionette	INFO	Listening on port 36851
Read port: 36851
WebDriver BiDi listening on ws://127.0.0.1:47329
1683940038696	RemoteAgent	WARN	TLS certificate errors will be ignored for this session
console.error: ({})
console.warn: SearchSettings: "get: No settings file exists, new profile?" (new NotFoundError("Could not open the file at /tmp/rust_mozprofileJ0TTRs/search.json.mozlz4", (void 0)))
[ERROR glean_core] Error setting metrics feature config: Json(Error("EOF while parsing a value", line: 1, column: 0))
DevTools listening on ws://127.0.0.1:47329/devtools/browser/e4a78b64-24a2-405a-8e8c-588c3c2d6bfe
console.warn: LoginRecipes: "Falling back to a synchronous message for: https://www.google.com.br."
1683940057586	Marionette	INFO	Stopped listening on port 36851
WARNING: A blocker encountered an error while we were waiting.
          Blocker:  Waiting for ping task
          Phase: TelemetryController: Waiting for pending ping activity
          State: (none)
WARNING: Error: Phase "profile-before-change" is finished, it is too late to register completion condition "OS.File: flush I/O queued before profileBeforeChange"
WARNING: addBlocker@resource://gre/modules/AsyncShutdown.sys.mjs:727:15
addBlocker@resource://gre/modules/AsyncShutdown.sys.mjs:523:26
addBlocker@resource://gre/modules/AsyncShutdown.sys.mjs:458:15
setupShutdown@resource://gre/modules/osfile/osfile_async_front.jsm:1548:28
@resource://gre/modules/osfile/osfile_async_front.jsm:1568:16
@resource://gre/modules/osfile.jsm:12:30
@resource://gre/modules/TelemetryStorage.sys.mjs:10:28
_checkPendingPings@resource://gre/modules/TelemetrySend.sys.mjs:863:17
setup@resource://gre/modules/TelemetrySend.sys.mjs:803:18
setup@resource://gre/modules/TelemetrySend.sys.mjs:241:30
setupTelemetry/this._delayedInitTask<@resource://gre/modules/TelemetryControllerParent.sys.mjs:824:36
observe@resource://gre/modules/AsyncShutdown.sys.mjs:576:16

console.error: "TelemetryScheduler.shutdown - Already shut down"
WARNING: A blocker encountered an error while we were waiting.
          Blocker:  Waiting for ping task
          Phase: TelemetryController: Waiting for pending ping activity
          State: (none)
WARNING: Error: Phase "profile-before-change" is finished, it is too late to register completion condition "OS.File: flush I/O queued before profileBeforeChange"
WARNING: addBlocker@resource://gre/modules/AsyncShutdown.sys.mjs:727:15
addBlocker@resource://gre/modules/AsyncShutdown.sys.mjs:523:26
addBlocker@resource://gre/modules/AsyncShutdown.sys.mjs:458:15
setupShutdown@resource://gre/modules/osfile/osfile_async_front.jsm:1548:28
@resource://gre/modules/osfile/osfile_async_front.jsm:1568:16
@resource://gre/modules/osfile.jsm:12:30
@resource://gre/modules/TelemetryStorage.sys.mjs:10:28
_checkPendingPings@resource://gre/modules/TelemetrySend.sys.mjs:863:17
setup@resource://gre/modules/TelemetrySend.sys.mjs:803:18
setup@resource://gre/modules/TelemetrySend.sys.mjs:241:30
setupTelemetry/this._delayedInitTask<@resource://gre/modules/TelemetryControllerParent.sys.mjs:824:36
observe@resource://gre/modules/AsyncShutdown.sys.mjs:576:16

WARNING: A blocker encountered an error while we were waiting.
          Blocker:  Waiting for ping task
          Phase: TelemetryController: Waiting for pending ping activity
          State: (none)
WARNING: Error: Phase "profile-before-change" is finished, it is too late to register completion condition "OS.File: flush I/O queued before profileBeforeChange"
WARNING: addBlocker@resource://gre/modules/AsyncShutdown.sys.mjs:727:15
addBlocker@resource://gre/modules/AsyncShutdown.sys.mjs:523:26
addBlocker@resource://gre/modules/AsyncShutdown.sys.mjs:458:15
setupShutdown@resource://gre/modules/osfile/osfile_async_front.jsm:1548:28
@resource://gre/modules/osfile/osfile_async_front.jsm:1568:16
@resource://gre/modules/osfile.jsm:12:30
@resource://gre/modules/TelemetryStorage.sys.mjs:10:28
_checkPendingPings@resource://gre/modules/TelemetrySend.sys.mjs:863:17
setup@resource://gre/modules/TelemetrySend.sys.mjs:803:18
setup@resource://gre/modules/TelemetrySend.sys.mjs:241:30
setupTelemetry/this._delayedInitTask<@resource://gre/modules/TelemetryControllerParent.sys.mjs:824:36
observe@resource://gre/modules/AsyncShutdown.sys.mjs:576:16

WARNING: A blocker encountered an error while we were waiting.
          Blocker:  TelemetryController: shutting down
          Phase: profile-before-change-telemetry
          State: Error getting state: Error: Phase "profile-before-change" is finished, it is too late to register completion condition "OS.File: flush I/O queued before profileBeforeChange" at addBlocker@resource://gre/modules/AsyncShutdown.sys.mjs:727:15
addBlocker@resource://gre/modules/AsyncShutdown.sys.mjs:523:26
addBlocker@resource://gre/modules/AsyncShutdown.sys.mjs:458:15
setupShutdown@resource://gre/modules/osfile/osfile_async_front.jsm:1548:28
@resource://gre/modules/osfile/osfile_async_front.jsm:1568:16
@resource://gre/modules/osfile.jsm:12:30
@resource://gre/modules/TelemetryStorage.sys.mjs:10:28
_checkPendingPings@resource://gre/modules/TelemetrySend.sys.mjs:863:17
setup@resource://gre/modules/TelemetrySend.sys.mjs:803:18
setup@resource://gre/modules/TelemetrySend.sys.mjs:241:30
setupTelemetry/this._delayedInitTask<@resource://gre/modules/TelemetryControllerParent.sys.mjs:824:36
observe@resource://gre/modules/AsyncShutdown.sys.mjs:576:16

WARNING: Error: Phase "profile-before-change" is finished, it is too late to register completion condition "OS.File: flush I/O queued before profileBeforeChange"
WARNING: addBlocker@resource://gre/modules/AsyncShutdown.sys.mjs:727:15
addBlocker@resource://gre/modules/AsyncShutdown.sys.mjs:523:26
addBlocker@resource://gre/modules/AsyncShutdown.sys.mjs:458:15
setupShutdown@resource://gre/modules/osfile/osfile_async_front.jsm:1548:28
@resource://gre/modules/osfile/osfile_async_front.jsm:1568:16
@resource://gre/modules/osfile.jsm:12:30
@resource://gre/modules/TelemetryStorage.sys.mjs:10:28
_checkPendingPings@resource://gre/modules/TelemetrySend.sys.mjs:863:17
setup@resource://gre/modules/TelemetrySend.sys.mjs:803:18
setup@resource://gre/modules/TelemetrySend.sys.mjs:241:30
setupTelemetry/this._delayedInitTask<@resource://gre/modules/TelemetryControllerParent.sys.mjs:824:36
observe@resource://gre/modules/AsyncShutdown.sys.mjs:576:16

JavaScript error: resource://gre/modules/AsyncShutdown.sys.mjs, line 727: Error: Phase "profile-before-change" is finished, it is too late to register completion condition "OS.File: flush I/O queued before profileBeforeChange"
JavaScript error: resource://gre/modules/AsyncShutdown.sys.mjs, line 727: Error: Phase "profile-before-change" is finished, it is too late to register completion condition "OS.File: flush I/O queued before profileBeforeChange"
JavaScript error: resource://gre/modules/AsyncShutdown.sys.mjs, line 727: Error: Phase "profile-before-change" is finished, it is too late to register completion condition "OS.File: flush I/O queued before profileBeforeChange"
JavaScript error: resource://gre/modules/AsyncShutdown.sys.mjs, line 727: Error: Phase "profile-before-change" is finished, it is too late to register completion condition "OS.File: flush I/O queued before profileBeforeChange"
JavaScript error: resource://gre/modules/AsyncShutdown.sys.mjs, line 727: Error: Phase "profile-before-change" is finished, it is too late to register completion condition "OS.File: flush I/O queued before profileBeforeChange"
JavaScript error: resource://gre/modules/AsyncShutdown.sys.mjs, line 727: Error: Phase "profile-before-change" is finished, it is too late to register completion condition "OS.File: flush I/O queued before profileBeforeChange"
1683940078340	geckodriver	INFO	Listening on 127.0.0.1:56871
1683940078915	mozrunner::runner	INFO	Running command: MOZ_CRASHREPORTER="1" MOZ_CRASHREPORTER_NO_REPORT="1" MOZ_CRASHREPORTER_SHUTDOWN="1" MOZ_NO_REMOTE="1" "/usr ... te" "--remote-debugging-port" "47127" "--remote-allow-hosts" "localhost" "-no-remote" "-profile" "/tmp/rust_mozprofileSRz54v"
console.warn: services.settings: Ignoring preference override of remote settings server
console.warn: services.settings: Allow by setting MOZ_REMOTE_SETTINGS_DEVTOOLS=1 in the environment
ATTENTION: default value of option mesa_glthread overridden by environment.
1683940080149	Marionette	INFO	Marionette enabled
1683940080172	Marionette	INFO	Listening on port 43091
Read port: 43091
WebDriver BiDi listening on ws://127.0.0.1:47127
1683940080521	RemoteAgent	WARN	TLS certificate errors will be ignored for this session
console.error: ({})
console.warn: SearchSettings: "get: No settings file exists, new profile?" (new NotFoundError("Could not open the file at /tmp/rust_mozprofileSRz54v/search.json.mozlz4", (void 0)))
[ERROR glean_core] Error setting metrics feature config: Json(Error("EOF while parsing a value", line: 1, column: 0))
DevTools listening on ws://127.0.0.1:47127/devtools/browser/c12d6f8d-37fb-48b3-8329-46f36fd21b6c
console.warn: LoginRecipes: "Falling back to a synchronous message for: https://www.google.com.br."
1683940107612	Marionette	INFO	Stopped listening on port 43091
WARNING: A blocker encountered an error while we were waiting.
          Blocker:  Waiting for ping task
          Phase: TelemetryController: Waiting for pending ping activity
          State: (none)
WARNING: Error: Phase "profile-before-change" is finished, it is too late to register completion condition "OS.File: flush I/O queued before profileBeforeChange"
WARNING: addBlocker@resource://gre/modules/AsyncShutdown.sys.mjs:727:15
addBlocker@resource://gre/modules/AsyncShutdown.sys.mjs:523:26
addBlocker@resource://gre/modules/AsyncShutdown.sys.mjs:458:15
setupShutdown@resource://gre/modules/osfile/osfile_async_front.jsm:1548:28
@resource://gre/modules/osfile/osfile_async_front.jsm:1568:16
@resource://gre/modules/osfile.jsm:12:30
@resource://gre/modules/TelemetryStorage.sys.mjs:10:28
_checkPendingPings@resource://gre/modules/TelemetrySend.sys.mjs:863:17
setup@resource://gre/modules/TelemetrySend.sys.mjs:803:18
setup@resource://gre/modules/TelemetrySend.sys.mjs:241:30
setupTelemetry/this._delayedInitTask<@resource://gre/modules/TelemetryControllerParent.sys.mjs:824:36
observe@resource://gre/modules/AsyncShutdown.sys.mjs:576:16

console.error: "TelemetryScheduler.shutdown - Already shut down"
WARNING: A blocker encountered an error while we were waiting.
          Blocker:  Waiting for ping task
          Phase: TelemetryController: Waiting for pending ping activity
          State: (none)
WARNING: Error: Phase "profile-before-change" is finished, it is too late to register completion condition "OS.File: flush I/O queued before profileBeforeChange"
WARNING: addBlocker@resource://gre/modules/AsyncShutdown.sys.mjs:727:15
addBlocker@resource://gre/modules/AsyncShutdown.sys.mjs:523:26
addBlocker@resource://gre/modules/AsyncShutdown.sys.mjs:458:15
setupShutdown@resource://gre/modules/osfile/osfile_async_front.jsm:1548:28
@resource://gre/modules/osfile/osfile_async_front.jsm:1568:16
@resource://gre/modules/osfile.jsm:12:30
@resource://gre/modules/TelemetryStorage.sys.mjs:10:28
_checkPendingPings@resource://gre/modules/TelemetrySend.sys.mjs:863:17
setup@resource://gre/modules/TelemetrySend.sys.mjs:803:18
setup@resource://gre/modules/TelemetrySend.sys.mjs:241:30
setupTelemetry/this._delayedInitTask<@resource://gre/modules/TelemetryControllerParent.sys.mjs:824:36
observe@resource://gre/modules/AsyncShutdown.sys.mjs:576:16

WARNING: A blocker encountered an error while we were waiting.
          Blocker:  Waiting for ping task
          Phase: TelemetryController: Waiting for pending ping activity
          State: (none)
WARNING: Error: Phase "profile-before-change" is finished, it is too late to register completion condition "OS.File: flush I/O queued before profileBeforeChange"
WARNING: addBlocker@resource://gre/modules/AsyncShutdown.sys.mjs:727:15
addBlocker@resource://gre/modules/AsyncShutdown.sys.mjs:523:26
addBlocker@resource://gre/modules/AsyncShutdown.sys.mjs:458:15
setupShutdown@resource://gre/modules/osfile/osfile_async_front.jsm:1548:28
@resource://gre/modules/osfile/osfile_async_front.jsm:1568:16
@resource://gre/modules/osfile.jsm:12:30
@resource://gre/modules/TelemetryStorage.sys.mjs:10:28
_checkPendingPings@resource://gre/modules/TelemetrySend.sys.mjs:863:17
setup@resource://gre/modules/TelemetrySend.sys.mjs:803:18
setup@resource://gre/modules/TelemetrySend.sys.mjs:241:30
setupTelemetry/this._delayedInitTask<@resource://gre/modules/TelemetryControllerParent.sys.mjs:824:36
observe@resource://gre/modules/AsyncShutdown.sys.mjs:576:16

WARNING: A blocker encountered an error while we were waiting.
          Blocker:  TelemetryController: shutting down
          Phase: profile-before-change-telemetry
          State: Error getting state: Error: Phase "profile-before-change" is finished, it is too late to register completion condition "OS.File: flush I/O queued before profileBeforeChange" at addBlocker@resource://gre/modules/AsyncShutdown.sys.mjs:727:15
addBlocker@resource://gre/modules/AsyncShutdown.sys.mjs:523:26
addBlocker@resource://gre/modules/AsyncShutdown.sys.mjs:458:15
setupShutdown@resource://gre/modules/osfile/osfile_async_front.jsm:1548:28
@resource://gre/modules/osfile/osfile_async_front.jsm:1568:16
@resource://gre/modules/osfile.jsm:12:30
@resource://gre/modules/TelemetryStorage.sys.mjs:10:28
_checkPendingPings@resource://gre/modules/TelemetrySend.sys.mjs:863:17
setup@resource://gre/modules/TelemetrySend.sys.mjs:803:18
setup@resource://gre/modules/TelemetrySend.sys.mjs:241:30
setupTelemetry/this._delayedInitTask<@resource://gre/modules/TelemetryControllerParent.sys.mjs:824:36
observe@resource://gre/modules/AsyncShutdown.sys.mjs:576:16

WARNING: Error: Phase "profile-before-change" is finished, it is too late to register completion condition "OS.File: flush I/O queued before profileBeforeChange"
WARNING: addBlocker@resource://gre/modules/AsyncShutdown.sys.mjs:727:15
addBlocker@resource://gre/modules/AsyncShutdown.sys.mjs:523:26
addBlocker@resource://gre/modules/AsyncShutdown.sys.mjs:458:15
setupShutdown@resource://gre/modules/osfile/osfile_async_front.jsm:1548:28
@resource://gre/modules/osfile/osfile_async_front.jsm:1568:16
@resource://gre/modules/osfile.jsm:12:30
@resource://gre/modules/TelemetryStorage.sys.mjs:10:28
_checkPendingPings@resource://gre/modules/TelemetrySend.sys.mjs:863:17
setup@resource://gre/modules/TelemetrySend.sys.mjs:803:18
setup@resource://gre/modules/TelemetrySend.sys.mjs:241:30
setupTelemetry/this._delayedInitTask<@resource://gre/modules/TelemetryControllerParent.sys.mjs:824:36
observe@resource://gre/modules/AsyncShutdown.sys.mjs:576:16

JavaScript error: resource://gre/modules/AsyncShutdown.sys.mjs, line 727: Error: Phase "profile-before-change" is finished, it is too late to register completion condition "OS.File: flush I/O queued before profileBeforeChange"
JavaScript error: resource://gre/modules/AsyncShutdown.sys.mjs, line 727: Error: Phase "profile-before-change" is finished, it is too late to register completion condition "OS.File: flush I/O queued before profileBeforeChange"
JavaScript error: resource://gre/modules/AsyncShutdown.sys.mjs, line 727: Error: Phase "profile-before-change" is finished, it is too late to register completion condition "OS.File: flush I/O queued before profileBeforeChange"
JavaScript error: resource://gre/modules/AsyncShutdown.sys.mjs, line 727: Error: Phase "profile-before-change" is finished, it is too late to register completion condition "OS.File: flush I/O queued before profileBeforeChange"
JavaScript error: resource://gre/modules/AsyncShutdown.sys.mjs, line 727: Error: Phase "profile-before-change" is finished, it is too late to register completion condition "OS.File: flush I/O queued before profileBeforeChange"
JavaScript error: resource://gre/modules/AsyncShutdown.sys.mjs, line 727: Error: Phase "profile-before-change" is finished, it is too late to register completion condition "OS.File: flush I/O queued before profileBeforeChange"
1683940147929	geckodriver	INFO	Listening on 127.0.0.1:51115
1683940147990	mozrunner::runner	INFO	Running command: MOZ_CRASHREPORTER="1" MOZ_CRASHREPORTER_NO_REPORT="1" MOZ_CRASHREPORTER_SHUTDOWN="1" MOZ_NO_REMOTE="1" "/usr ... te" "--remote-debugging-port" "53057" "--remote-allow-hosts" "localhost" "-no-remote" "-profile" "/tmp/rust_mozprofiletpNKOA"
console.warn: services.settings: Ignoring preference override of remote settings server
console.warn: services.settings: Allow by setting MOZ_REMOTE_SETTINGS_DEVTOOLS=1 in the environment
ATTENTION: default value of option mesa_glthread overridden by environment.
1683940149200	Marionette	INFO	Marionette enabled
1683940149211	Marionette	INFO	Listening on port 37979
Read port: 37979
WebDriver BiDi listening on ws://127.0.0.1:53057
1683940149487	RemoteAgent	WARN	TLS certificate errors will be ignored for this session
console.error: ({})
console.warn: SearchSettings: "get: No settings file exists, new profile?" (new NotFoundError("Could not open the file at /tmp/rust_mozprofiletpNKOA/search.json.mozlz4", (void 0)))
[ERROR glean_core] Error setting metrics feature config: Json(Error("EOF while parsing a value", line: 1, column: 0))
DevTools listening on ws://127.0.0.1:53057/devtools/browser/3cc49542-96a5-4ab4-85ac-5a3e97926938
console.warn: LoginRecipes: "Falling back to a synchronous message for: https://www.google.com.br."
1683940367091	geckodriver	INFO	Listening on 127.0.0.1:60279
1683940367635	mozrunner::runner	INFO	Running command: MOZ_CRASHREPORTER="1" MOZ_CRASHREPORTER_NO_REPORT="1" MOZ_CRASHREPORTER_SHUTDOWN="1" MOZ_NO_REMOTE="1" "/usr ... te" "--remote-debugging-port" "53909" "--remote-allow-hosts" "localhost" "-no-remote" "-profile" "/tmp/rust_mozprofilej1Jtw3"
console.warn: services.settings: Ignoring preference override of remote settings server
console.warn: services.settings: Allow by setting MOZ_REMOTE_SETTINGS_DEVTOOLS=1 in the environment
ATTENTION: default value of option mesa_glthread overridden by environment.
1683940369014	Marionette	INFO	Marionette enabled
1683940369025	Marionette	INFO	Listening on port 46727
Read port: 46727
WebDriver BiDi listening on ws://127.0.0.1:53909
1683940369431	RemoteAgent	WARN	TLS certificate errors will be ignored for this session
console.error: ({})
console.warn: SearchSettings: "get: No settings file exists, new profile?" (new NotFoundError("Could not open the file at /tmp/rust_mozprofilej1Jtw3/search.json.mozlz4", (void 0)))
[ERROR glean_core] Error setting metrics feature config: Json(Error("EOF while parsing a value", line: 1, column: 0))
DevTools listening on ws://127.0.0.1:53909/devtools/browser/a9394cf2-f4d4-46f6-a3f9-0282a9013a7a
1683940377486	Marionette	INFO	Stopped listening on port 46727
WARNING: A blocker encountered an error while we were waiting.
          Blocker:  Waiting for ping task
          Phase: TelemetryController: Waiting for pending ping activity
          State: (none)
WARNING: Error: Phase "profile-before-change" is finished, it is too late to register completion condition "OS.File: flush I/O queued before profileBeforeChange"
WARNING: addBlocker@resource://gre/modules/AsyncShutdown.sys.mjs:727:15
addBlocker@resource://gre/modules/AsyncShutdown.sys.mjs:523:26
addBlocker@resource://gre/modules/AsyncShutdown.sys.mjs:458:15
setupShutdown@resource://gre/modules/osfile/osfile_async_front.jsm:1548:28
@resource://gre/modules/osfile/osfile_async_front.jsm:1568:16
@resource://gre/modules/osfile.jsm:12:30
@resource://gre/modules/TelemetryStorage.sys.mjs:10:28
_checkPendingPings@resource://gre/modules/TelemetrySend.sys.mjs:863:17
setup@resource://gre/modules/TelemetrySend.sys.mjs:803:18
setup@resource://gre/modules/TelemetrySend.sys.mjs:241:30
setupTelemetry/this._delayedInitTask<@resource://gre/modules/TelemetryControllerParent.sys.mjs:824:36
observe@resource://gre/modules/AsyncShutdown.sys.mjs:576:16

console.error: "TelemetryScheduler.shutdown - Already shut down"
WARNING: A blocker encountered an error while we were waiting.
          Blocker:  Waiting for ping task
          Phase: TelemetryController: Waiting for pending ping activity
          State: (none)
WARNING: Error: Phase "profile-before-change" is finished, it is too late to register completion condition "OS.File: flush I/O queued before profileBeforeChange"
WARNING: addBlocker@resource://gre/modules/AsyncShutdown.sys.mjs:727:15
addBlocker@resource://gre/modules/AsyncShutdown.sys.mjs:523:26
addBlocker@resource://gre/modules/AsyncShutdown.sys.mjs:458:15
setupShutdown@resource://gre/modules/osfile/osfile_async_front.jsm:1548:28
@resource://gre/modules/osfile/osfile_async_front.jsm:1568:16
@resource://gre/modules/osfile.jsm:12:30
@resource://gre/modules/TelemetryStorage.sys.mjs:10:28
_checkPendingPings@resource://gre/modules/TelemetrySend.sys.mjs:863:17
setup@resource://gre/modules/TelemetrySend.sys.mjs:803:18
setup@resource://gre/modules/TelemetrySend.sys.mjs:241:30
setupTelemetry/this._delayedInitTask<@resource://gre/modules/TelemetryControllerParent.sys.mjs:824:36
observe@resource://gre/modules/AsyncShutdown.sys.mjs:576:16

WARNING: A blocker encountered an error while we were waiting.
          Blocker:  Waiting for ping task
          Phase: TelemetryController: Waiting for pending ping activity
          State: (none)
WARNING: Error: Phase "profile-before-change" is finished, it is too late to register completion condition "OS.File: flush I/O queued before profileBeforeChange"
WARNING: addBlocker@resource://gre/modules/AsyncShutdown.sys.mjs:727:15
addBlocker@resource://gre/modules/AsyncShutdown.sys.mjs:523:26
addBlocker@resource://gre/modules/AsyncShutdown.sys.mjs:458:15
setupShutdown@resource://gre/modules/osfile/osfile_async_front.jsm:1548:28
@resource://gre/modules/osfile/osfile_async_front.jsm:1568:16
@resource://gre/modules/osfile.jsm:12:30
@resource://gre/modules/TelemetryStorage.sys.mjs:10:28
_checkPendingPings@resource://gre/modules/TelemetrySend.sys.mjs:863:17
setup@resource://gre/modules/TelemetrySend.sys.mjs:803:18
setup@resource://gre/modules/TelemetrySend.sys.mjs:241:30
setupTelemetry/this._delayedInitTask<@resource://gre/modules/TelemetryControllerParent.sys.mjs:824:36
observe@resource://gre/modules/AsyncShutdown.sys.mjs:576:16

WARNING: A blocker encountered an error while we were waiting.
          Blocker:  TelemetryController: shutting down
          Phase: profile-before-change-telemetry
          State: Error getting state: Error: Phase "profile-before-change" is finished, it is too late to register completion condition "OS.File: flush I/O queued before profileBeforeChange" at addBlocker@resource://gre/modules/AsyncShutdown.sys.mjs:727:15
addBlocker@resource://gre/modules/AsyncShutdown.sys.mjs:523:26
addBlocker@resource://gre/modules/AsyncShutdown.sys.mjs:458:15
setupShutdown@resource://gre/modules/osfile/osfile_async_front.jsm:1548:28
@resource://gre/modules/osfile/osfile_async_front.jsm:1568:16
@resource://gre/modules/osfile.jsm:12:30
@resource://gre/modules/TelemetryStorage.sys.mjs:10:28
_checkPendingPings@resource://gre/modules/TelemetrySend.sys.mjs:863:17
setup@resource://gre/modules/TelemetrySend.sys.mjs:803:18
setup@resource://gre/modules/TelemetrySend.sys.mjs:241:30
setupTelemetry/this._delayedInitTask<@resource://gre/modules/TelemetryControllerParent.sys.mjs:824:36
observe@resource://gre/modules/AsyncShutdown.sys.mjs:576:16

WARNING: Error: Phase "profile-before-change" is finished, it is too late to register completion condition "OS.File: flush I/O queued before profileBeforeChange"
WARNING: addBlocker@resource://gre/modules/AsyncShutdown.sys.mjs:727:15
addBlocker@resource://gre/modules/AsyncShutdown.sys.mjs:523:26
addBlocker@resource://gre/modules/AsyncShutdown.sys.mjs:458:15
setupShutdown@resource://gre/modules/osfile/osfile_async_front.jsm:1548:28
@resource://gre/modules/osfile/osfile_async_front.jsm:1568:16
@resource://gre/modules/osfile.jsm:12:30
@resource://gre/modules/TelemetryStorage.sys.mjs:10:28
_checkPendingPings@resource://gre/modules/TelemetrySend.sys.mjs:863:17
setup@resource://gre/modules/TelemetrySend.sys.mjs:803:18
setup@resource://gre/modules/TelemetrySend.sys.mjs:241:30
setupTelemetry/this._delayedInitTask<@resource://gre/modules/TelemetryControllerParent.sys.mjs:824:36
observe@resource://gre/modules/AsyncShutdown.sys.mjs:576:16

JavaScript error: resource://gre/modules/AsyncShutdown.sys.mjs, line 727: Error: Phase "profile-before-change" is finished, it is too late to register completion condition "OS.File: flush I/O queued before profileBeforeChange"
JavaScript error: resource://gre/modules/AsyncShutdown.sys.mjs, line 727: Error: Phase "profile-before-change" is finished, it is too late to register completion condition "OS.File: flush I/O queued before profileBeforeChange"
JavaScript error: resource://gre/modules/AsyncShutdown.sys.mjs, line 727: Error: Phase "profile-before-change" is finished, it is too late to register completion condition "OS.File: flush I/O queued before profileBeforeChange"
JavaScript error: resource://gre/modules/AsyncShutdown.sys.mjs, line 727: Error: Phase "profile-before-change" is finished, it is too late to register completion condition "OS.File: flush I/O queued before profileBeforeChange"
JavaScript error: resource://gre/modules/AsyncShutdown.sys.mjs, line 727: Error: Phase "profile-before-change" is finished, it is too late to register completion condition "OS.File: flush I/O queued before profileBeforeChange"
JavaScript error: resource://gre/modules/AsyncShutdown.sys.mjs, line 727: Error: Phase "profile-before-change" is finished, it is too late to register completion condition "OS.File: flush I/O queued before profileBeforeChange"
1683940380680	Marionette	INFO	Stopped listening on port 37979
1683940460326	geckodriver	INFO	Listening on 127.0.0.1:42307
1683940460884	mozrunner::runner	INFO	Running command: MOZ_CRASHREPORTER="1" MOZ_CRASHREPORTER_NO_REPORT="1" MOZ_CRASHREPORTER_SHUTDOWN="1" MOZ_NO_REMOTE="1" "/usr ... te" "--remote-debugging-port" "59251" "--remote-allow-hosts" "localhost" "-no-remote" "-profile" "/tmp/rust_mozprofileKeD1d0"
console.warn: services.settings: Ignoring preference override of remote settings server
console.warn: services.settings: Allow by setting MOZ_REMOTE_SETTINGS_DEVTOOLS=1 in the environment
ATTENTION: default value of option mesa_glthread overridden by environment.
1683940462004	Marionette	INFO	Marionette enabled
1683940462012	Marionette	INFO	Listening on port 43693
Read port: 43693
WebDriver BiDi listening on ws://127.0.0.1:59251
1683940462340	RemoteAgent	WARN	TLS certificate errors will be ignored for this session
console.error: ({})
console.warn: SearchSettings: "get: No settings file exists, new profile?" (new NotFoundError("Could not open the file at /tmp/rust_mozprofileKeD1d0/search.json.mozlz4", (void 0)))
[ERROR glean_core] Error setting metrics feature config: Json(Error("EOF while parsing a value", line: 1, column: 0))
DevTools listening on ws://127.0.0.1:59251/devtools/browser/7f433ab0-a88f-4c78-938e-cc4ca6fcfeb7
console.warn: LoginRecipes: "Falling back to a synchronous message for: https://www.google.com.br."
1683940526279	Marionette	INFO	Stopped listening on port 43693
1683940978999	geckodriver	INFO	Listening on 127.0.0.1:54655
1683940979551	mozrunner::runner	INFO	Running command: MOZ_CRASHREPORTER="1" MOZ_CRASHREPORTER_NO_REPORT="1" MOZ_CRASHREPORTER_SHUTDOWN="1" MOZ_NO_REMOTE="1" "/usr ... te" "--remote-debugging-port" "39785" "--remote-allow-hosts" "localhost" "-no-remote" "-profile" "/tmp/rust_mozprofile8jnRQL"
console.warn: services.settings: Ignoring preference override of remote settings server
console.warn: services.settings: Allow by setting MOZ_REMOTE_SETTINGS_DEVTOOLS=1 in the environment
ATTENTION: default value of option mesa_glthread overridden by environment.
1683940980498	Marionette	INFO	Marionette enabled
1683940980505	Marionette	INFO	Listening on port 43909
Read port: 43909
WebDriver BiDi listening on ws://127.0.0.1:39785
1683940980783	RemoteAgent	WARN	TLS certificate errors will be ignored for this session
console.error: ({})
console.warn: SearchSettings: "get: No settings file exists, new profile?" (new NotFoundError("Could not open the file at /tmp/rust_mozprofile8jnRQL/search.json.mozlz4", (void 0)))
[ERROR glean_core] Error setting metrics feature config: Json(Error("EOF while parsing a value", line: 1, column: 0))
DevTools listening on ws://127.0.0.1:39785/devtools/browser/b4783454-22a4-4137-80d9-49219dfd7d86
JavaScript warning: https://books.toscrape.com/static/oscar/js/jquery/jquery-1.9.1.min.js, line 2: Using //@ to indicate sourceMappingURL pragmas is deprecated. Use //# instead
JavaScript warning: https://books.toscrape.com/static/oscar/js/jquery/jquery-1.9.1.min.js, line 2: Using //@ to indicate sourceMappingURL pragmas is deprecated. Use //# instead
1683941219549	Marionette	INFO	Stopped listening on port 43909
1683941223409	geckodriver	INFO	Listening on 127.0.0.1:50139
1683941223971	mozrunner::runner	INFO	Running command: MOZ_CRASHREPORTER="1" MOZ_CRASHREPORTER_NO_REPORT="1" MOZ_CRASHREPORTER_SHUTDOWN="1" MOZ_NO_REMOTE="1" "/usr ... te" "--remote-debugging-port" "53287" "--remote-allow-hosts" "localhost" "-no-remote" "-profile" "/tmp/rust_mozprofileERCwiX"
console.warn: services.settings: Ignoring preference override of remote settings server
console.warn: services.settings: Allow by setting MOZ_REMOTE_SETTINGS_DEVTOOLS=1 in the environment
ATTENTION: default value of option mesa_glthread overridden by environment.
1683941225031	Marionette	INFO	Marionette enabled
1683941225038	Marionette	INFO	Listening on port 35699
Read port: 35699
WebDriver BiDi listening on ws://127.0.0.1:53287
1683941225317	RemoteAgent	WARN	TLS certificate errors will be ignored for this session
console.error: ({})
console.warn: SearchSettings: "get: No settings file exists, new profile?" (new NotFoundError("Could not open the file at /tmp/rust_mozprofileERCwiX/search.json.mozlz4", (void 0)))
[ERROR glean_core] Error setting metrics feature config: Json(Error("EOF while parsing a value", line: 1, column: 0))
DevTools listening on ws://127.0.0.1:53287/devtools/browser/2ad22f41-c096-4471-8354-3b79778d0845
JavaScript warning: https://books.toscrape.com/static/oscar/js/jquery/jquery-1.9.1.min.js, line 2: Using //@ to indicate sourceMappingURL pragmas is deprecated. Use //# instead
1683941229627	geckodriver	INFO	Listening on 127.0.0.1:53331
1683941230217	mozrunner::runner	INFO	Running command: MOZ_CRASHREPORTER="1" MOZ_CRASHREPORTER_NO_REPORT="1" MOZ_CRASHREPORTER_SHUTDOWN="1" MOZ_NO_REMOTE="1" "/usr ... te" "--remote-debugging-port" "53181" "--remote-allow-hosts" "localhost" "-no-remote" "-profile" "/tmp/rust_mozprofileJogXod"
console.warn: services.settings: Ignoring preference override of remote settings server
console.warn: services.settings: Allow by setting MOZ_REMOTE_SETTINGS_DEVTOOLS=1 in the environment
ATTENTION: default value of option mesa_glthread overridden by environment.
1683941231366	Marionette	INFO	Marionette enabled
1683941231373	Marionette	INFO	Listening on port 38729
Read port: 38729
WebDriver BiDi listening on ws://127.0.0.1:53181
1683941231685	RemoteAgent	WARN	TLS certificate errors will be ignored for this session
console.error: ({})
console.warn: SearchSettings: "get: No settings file exists, new profile?" (new NotFoundError("Could not open the file at /tmp/rust_mozprofileJogXod/search.json.mozlz4", (void 0)))
[ERROR glean_core] Error setting metrics feature config: Json(Error("EOF while parsing a value", line: 1, column: 0))
DevTools listening on ws://127.0.0.1:53181/devtools/browser/666d19fc-46a4-4381-8642-608036c21be2
JavaScript warning: https://books.toscrape.com/static/oscar/js/jquery/jquery-1.9.1.min.js, line 2: Using //@ to indicate sourceMappingURL pragmas is deprecated. Use //# instead
JavaScript warning: https://books.toscrape.com/static/oscar/js/jquery/jquery-1.9.1.min.js, line 2: Using //@ to indicate sourceMappingURL pragmas is deprecated. Use //# instead
1683941260489	Marionette	INFO	Stopped listening on port 38729
WARNING: A blocker encountered an error while we were waiting.
          Blocker:  Waiting for ping task
          Phase: TelemetryController: Waiting for pending ping activity
          State: (none)
WARNING: Error: Phase "profile-before-change" is finished, it is too late to register completion condition "OS.File: flush I/O queued before profileBeforeChange"
WARNING: addBlocker@resource://gre/modules/AsyncShutdown.sys.mjs:727:15
addBlocker@resource://gre/modules/AsyncShutdown.sys.mjs:523:26
addBlocker@resource://gre/modules/AsyncShutdown.sys.mjs:458:15
setupShutdown@resource://gre/modules/osfile/osfile_async_front.jsm:1548:28
@resource://gre/modules/osfile/osfile_async_front.jsm:1568:16
@resource://gre/modules/osfile.jsm:12:30
@resource://gre/modules/TelemetryStorage.sys.mjs:10:28
_checkPendingPings@resource://gre/modules/TelemetrySend.sys.mjs:863:17
setup@resource://gre/modules/TelemetrySend.sys.mjs:803:18
setup@resource://gre/modules/TelemetrySend.sys.mjs:241:30
setupTelemetry/this._delayedInitTask<@resource://gre/modules/TelemetryControllerParent.sys.mjs:824:36
observe@resource://gre/modules/AsyncShutdown.sys.mjs:576:16

console.error: "TelemetryScheduler.shutdown - Already shut down"
WARNING: A blocker encountered an error while we were waiting.
          Blocker:  Waiting for ping task
          Phase: TelemetryController: Waiting for pending ping activity
          State: (none)
WARNING: Error: Phase "profile-before-change" is finished, it is too late to register completion condition "OS.File: flush I/O queued before profileBeforeChange"
WARNING: addBlocker@resource://gre/modules/AsyncShutdown.sys.mjs:727:15
addBlocker@resource://gre/modules/AsyncShutdown.sys.mjs:523:26
addBlocker@resource://gre/modules/AsyncShutdown.sys.mjs:458:15
setupShutdown@resource://gre/modules/osfile/osfile_async_front.jsm:1548:28
@resource://gre/modules/osfile/osfile_async_front.jsm:1568:16
@resource://gre/modules/osfile.jsm:12:30
@resource://gre/modules/TelemetryStorage.sys.mjs:10:28
_checkPendingPings@resource://gre/modules/TelemetrySend.sys.mjs:863:17
setup@resource://gre/modules/TelemetrySend.sys.mjs:803:18
setup@resource://gre/modules/TelemetrySend.sys.mjs:241:30
setupTelemetry/this._delayedInitTask<@resource://gre/modules/TelemetryControllerParent.sys.mjs:824:36
observe@resource://gre/modules/AsyncShutdown.sys.mjs:576:16

WARNING: A blocker encountered an error while we were waiting.
          Blocker:  Waiting for ping task
          Phase: TelemetryController: Waiting for pending ping activity
          State: (none)
WARNING: Error: Phase "profile-before-change" is finished, it is too late to register completion condition "OS.File: flush I/O queued before profileBeforeChange"
WARNING: addBlocker@resource://gre/modules/AsyncShutdown.sys.mjs:727:15
addBlocker@resource://gre/modules/AsyncShutdown.sys.mjs:523:26
addBlocker@resource://gre/modules/AsyncShutdown.sys.mjs:458:15
setupShutdown@resource://gre/modules/osfile/osfile_async_front.jsm:1548:28
@resource://gre/modules/osfile/osfile_async_front.jsm:1568:16
@resource://gre/modules/osfile.jsm:12:30
@resource://gre/modules/TelemetryStorage.sys.mjs:10:28
_checkPendingPings@resource://gre/modules/TelemetrySend.sys.mjs:863:17
setup@resource://gre/modules/TelemetrySend.sys.mjs:803:18
setup@resource://gre/modules/TelemetrySend.sys.mjs:241:30
setupTelemetry/this._delayedInitTask<@resource://gre/modules/TelemetryControllerParent.sys.mjs:824:36
observe@resource://gre/modules/AsyncShutdown.sys.mjs:576:16

WARNING: A blocker encountered an error while we were waiting.
          Blocker:  TelemetryController: shutting down
          Phase: profile-before-change-telemetry
          State: Error getting state: Error: Phase "profile-before-change" is finished, it is too late to register completion condition "OS.File: flush I/O queued before profileBeforeChange" at addBlocker@resource://gre/modules/AsyncShutdown.sys.mjs:727:15
addBlocker@resource://gre/modules/AsyncShutdown.sys.mjs:523:26
addBlocker@resource://gre/modules/AsyncShutdown.sys.mjs:458:15
setupShutdown@resource://gre/modules/osfile/osfile_async_front.jsm:1548:28
@resource://gre/modules/osfile/osfile_async_front.jsm:1568:16
@resource://gre/modules/osfile.jsm:12:30
@resource://gre/modules/TelemetryStorage.sys.mjs:10:28
_checkPendingPings@resource://gre/modules/TelemetrySend.sys.mjs:863:17
setup@resource://gre/modules/TelemetrySend.sys.mjs:803:18
setup@resource://gre/modules/TelemetrySend.sys.mjs:241:30
setupTelemetry/this._delayedInitTask<@resource://gre/modules/TelemetryControllerParent.sys.mjs:824:36
observe@resource://gre/modules/AsyncShutdown.sys.mjs:576:16

WARNING: Error: Phase "profile-before-change" is finished, it is too late to register completion condition "OS.File: flush I/O queued before profileBeforeChange"
WARNING: addBlocker@resource://gre/modules/AsyncShutdown.sys.mjs:727:15
addBlocker@resource://gre/modules/AsyncShutdown.sys.mjs:523:26
addBlocker@resource://gre/modules/AsyncShutdown.sys.mjs:458:15
setupShutdown@resource://gre/modules/osfile/osfile_async_front.jsm:1548:28
@resource://gre/modules/osfile/osfile_async_front.jsm:1568:16
@resource://gre/modules/osfile.jsm:12:30
@resource://gre/modules/TelemetryStorage.sys.mjs:10:28
_checkPendingPings@resource://gre/modules/TelemetrySend.sys.mjs:863:17
setup@resource://gre/modules/TelemetrySend.sys.mjs:803:18
setup@resource://gre/modules/TelemetrySend.sys.mjs:241:30
setupTelemetry/this._delayedInitTask<@resource://gre/modules/TelemetryControllerParent.sys.mjs:824:36
observe@resource://gre/modules/AsyncShutdown.sys.mjs:576:16

JavaScript error: resource://gre/modules/AsyncShutdown.sys.mjs, line 727: Error: Phase "profile-before-change" is finished, it is too late to register completion condition "OS.File: flush I/O queued before profileBeforeChange"
JavaScript error: resource://gre/modules/AsyncShutdown.sys.mjs, line 727: Error: Phase "profile-before-change" is finished, it is too late to register completion condition "OS.File: flush I/O queued before profileBeforeChange"
JavaScript error: resource://gre/modules/AsyncShutdown.sys.mjs, line 727: Error: Phase "profile-before-change" is finished, it is too late to register completion condition "OS.File: flush I/O queued before profileBeforeChange"
JavaScript error: resource://gre/modules/AsyncShutdown.sys.mjs, line 727: Error: Phase "profile-before-change" is finished, it is too late to register completion condition "OS.File: flush I/O queued before profileBeforeChange"
JavaScript error: resource://gre/modules/AsyncShutdown.sys.mjs, line 727: Error: Phase "profile-before-change" is finished, it is too late to register completion condition "OS.File: flush I/O queued before profileBeforeChange"
JavaScript error: resource://gre/modules/AsyncShutdown.sys.mjs, line 727: Error: Phase "profile-before-change" is finished, it is too late to register completion condition "OS.File: flush I/O queued before profileBeforeChange"
1683941265883	Marionette	INFO	Stopped listening on port 35699
WARNING: A blocker encountered an error while we were waiting.
          Blocker:  Waiting for ping task
          Phase: TelemetryController: Waiting for pending ping activity
          State: (none)
WARNING: Error: Phase "profile-before-change" is finished, it is too late to register completion condition "OS.File: flush I/O queued before profileBeforeChange"
WARNING: addBlocker@resource://gre/modules/AsyncShutdown.sys.mjs:727:15
addBlocker@resource://gre/modules/AsyncShutdown.sys.mjs:523:26
addBlocker@resource://gre/modules/AsyncShutdown.sys.mjs:458:15
setupShutdown@resource://gre/modules/osfile/osfile_async_front.jsm:1548:28
@resource://gre/modules/osfile/osfile_async_front.jsm:1568:16
@resource://gre/modules/osfile.jsm:12:30
@resource://gre/modules/TelemetryStorage.sys.mjs:10:28
_checkPendingPings@resource://gre/modules/TelemetrySend.sys.mjs:863:17
setup@resource://gre/modules/TelemetrySend.sys.mjs:803:18
setup@resource://gre/modules/TelemetrySend.sys.mjs:241:30
setupTelemetry/this._delayedInitTask<@resource://gre/modules/TelemetryControllerParent.sys.mjs:824:36
observe@resource://gre/modules/AsyncShutdown.sys.mjs:576:16

console.error: "TelemetryScheduler.shutdown - Already shut down"
WARNING: A blocker encountered an error while we were waiting.
          Blocker:  Waiting for ping task
          Phase: TelemetryController: Waiting for pending ping activity
          State: (none)
WARNING: Error: Phase "profile-before-change" is finished, it is too late to register completion condition "OS.File: flush I/O queued before profileBeforeChange"
WARNING: addBlocker@resource://gre/modules/AsyncShutdown.sys.mjs:727:15
addBlocker@resource://gre/modules/AsyncShutdown.sys.mjs:523:26
addBlocker@resource://gre/modules/AsyncShutdown.sys.mjs:458:15
setupShutdown@resource://gre/modules/osfile/osfile_async_front.jsm:1548:28
@resource://gre/modules/osfile/osfile_async_front.jsm:1568:16
@resource://gre/modules/osfile.jsm:12:30
@resource://gre/modules/TelemetryStorage.sys.mjs:10:28
_checkPendingPings@resource://gre/modules/TelemetrySend.sys.mjs:863:17
setup@resource://gre/modules/TelemetrySend.sys.mjs:803:18
setup@resource://gre/modules/TelemetrySend.sys.mjs:241:30
setupTelemetry/this._delayedInitTask<@resource://gre/modules/TelemetryControllerParent.sys.mjs:824:36
observe@resource://gre/modules/AsyncShutdown.sys.mjs:576:16

WARNING: A blocker encountered an error while we were waiting.
          Blocker:  Waiting for ping task
          Phase: TelemetryController: Waiting for pending ping activity
          State: (none)
WARNING: Error: Phase "profile-before-change" is finished, it is too late to register completion condition "OS.File: flush I/O queued before profileBeforeChange"
WARNING: addBlocker@resource://gre/modules/AsyncShutdown.sys.mjs:727:15
addBlocker@resource://gre/modules/AsyncShutdown.sys.mjs:523:26
addBlocker@resource://gre/modules/AsyncShutdown.sys.mjs:458:15
setupShutdown@resource://gre/modules/osfile/osfile_async_front.jsm:1548:28
@resource://gre/modules/osfile/osfile_async_front.jsm:1568:16
@resource://gre/modules/osfile.jsm:12:30
@resource://gre/modules/TelemetryStorage.sys.mjs:10:28
_checkPendingPings@resource://gre/modules/TelemetrySend.sys.mjs:863:17
setup@resource://gre/modules/TelemetrySend.sys.mjs:803:18
setup@resource://gre/modules/TelemetrySend.sys.mjs:241:30
setupTelemetry/this._delayedInitTask<@resource://gre/modules/TelemetryControllerParent.sys.mjs:824:36
observe@resource://gre/modules/AsyncShutdown.sys.mjs:576:16

WARNING: A blocker encountered an error while we were waiting.
          Blocker:  TelemetryController: shutting down
          Phase: profile-before-change-telemetry
          State: Error getting state: Error: Phase "profile-before-change" is finished, it is too late to register completion condition "OS.File: flush I/O queued before profileBeforeChange" at addBlocker@resource://gre/modules/AsyncShutdown.sys.mjs:727:15
addBlocker@resource://gre/modules/AsyncShutdown.sys.mjs:523:26
addBlocker@resource://gre/modules/AsyncShutdown.sys.mjs:458:15
setupShutdown@resource://gre/modules/osfile/osfile_async_front.jsm:1548:28
@resource://gre/modules/osfile/osfile_async_front.jsm:1568:16
@resource://gre/modules/osfile.jsm:12:30
@resource://gre/modules/TelemetryStorage.sys.mjs:10:28
_checkPendingPings@resource://gre/modules/TelemetrySend.sys.mjs:863:17
setup@resource://gre/modules/TelemetrySend.sys.mjs:803:18
setup@resource://gre/modules/TelemetrySend.sys.mjs:241:30
setupTelemetry/this._delayedInitTask<@resource://gre/modules/TelemetryControllerParent.sys.mjs:824:36
observe@resource://gre/modules/AsyncShutdown.sys.mjs:576:16

WARNING: Error: Phase "profile-before-change" is finished, it is too late to register completion condition "OS.File: flush I/O queued before profileBeforeChange"
WARNING: addBlocker@resource://gre/modules/AsyncShutdown.sys.mjs:727:15
addBlocker@resource://gre/modules/AsyncShutdown.sys.mjs:523:26
addBlocker@resource://gre/modules/AsyncShutdown.sys.mjs:458:15
setupShutdown@resource://gre/modules/osfile/osfile_async_front.jsm:1548:28
@resource://gre/modules/osfile/osfile_async_front.jsm:1568:16
@resource://gre/modules/osfile.jsm:12:30
@resource://gre/modules/TelemetryStorage.sys.mjs:10:28
_checkPendingPings@resource://gre/modules/TelemetrySend.sys.mjs:863:17
setup@resource://gre/modules/TelemetrySend.sys.mjs:803:18
setup@resource://gre/modules/TelemetrySend.sys.mjs:241:30
setupTelemetry/this._delayedInitTask<@resource://gre/modules/TelemetryControllerParent.sys.mjs:824:36
observe@resource://gre/modules/AsyncShutdown.sys.mjs:576:16

JavaScript error: resource://gre/modules/AsyncShutdown.sys.mjs, line 727: Error: Phase "profile-before-change" is finished, it is too late to register completion condition "OS.File: flush I/O queued before profileBeforeChange"
JavaScript error: resource://gre/modules/AsyncShutdown.sys.mjs, line 727: Error: Phase "profile-before-change" is finished, it is too late to register completion condition "OS.File: flush I/O queued before profileBeforeChange"
JavaScript error: resource://gre/modules/AsyncShutdown.sys.mjs, line 727: Error: Phase "profile-before-change" is finished, it is too late to register completion condition "OS.File: flush I/O queued before profileBeforeChange"
JavaScript error: resource://gre/modules/AsyncShutdown.sys.mjs, line 727: Error: Phase "profile-before-change" is finished, it is too late to register completion condition "OS.File: flush I/O queued before profileBeforeChange"
JavaScript error: resource://gre/modules/AsyncShutdown.sys.mjs, line 727: Error: Phase "profile-before-change" is finished, it is too late to register completion condition "OS.File: flush I/O queued before profileBeforeChange"
JavaScript error: resource://gre/modules/AsyncShutdown.sys.mjs, line 727: Error: Phase "profile-before-change" is finished, it is too late to register completion condition "OS.File: flush I/O queued before profileBeforeChange"
1683941286393	geckodriver	INFO	Listening on 127.0.0.1:55371
1683941286974	mozrunner::runner	INFO	Running command: MOZ_CRASHREPORTER="1" MOZ_CRASHREPORTER_NO_REPORT="1" MOZ_CRASHREPORTER_SHUTDOWN="1" MOZ_NO_REMOTE="1" "/usr ... te" "--remote-debugging-port" "35285" "--remote-allow-hosts" "localhost" "-no-remote" "-profile" "/tmp/rust_mozprofile7SLofg"
console.warn: services.settings: Ignoring preference override of remote settings server
console.warn: services.settings: Allow by setting MOZ_REMOTE_SETTINGS_DEVTOOLS=1 in the environment
ATTENTION: default value of option mesa_glthread overridden by environment.
1683941287960	Marionette	INFO	Marionette enabled
1683941287967	Marionette	INFO	Listening on port 32789
Read port: 32789
WebDriver BiDi listening on ws://127.0.0.1:35285
1683941288247	RemoteAgent	WARN	TLS certificate errors will be ignored for this session
console.error: ({})
console.warn: SearchSettings: "get: No settings file exists, new profile?" (new NotFoundError("Could not open the file at /tmp/rust_mozprofile7SLofg/search.json.mozlz4", (void 0)))
[ERROR glean_core] Error setting metrics feature config: Json(Error("EOF while parsing a value", line: 1, column: 0))
DevTools listening on ws://127.0.0.1:35285/devtools/browser/66d914c0-d1b5-48bb-834f-7639448655f2
JavaScript warning: https://books.toscrape.com/static/oscar/js/jquery/jquery-1.9.1.min.js, line 2: Using //@ to indicate sourceMappingURL pragmas is deprecated. Use //# instead
1683941293380	geckodriver	INFO	Listening on 127.0.0.1:56899
1683941293943	mozrunner::runner	INFO	Running command: MOZ_CRASHREPORTER="1" MOZ_CRASHREPORTER_NO_REPORT="1" MOZ_CRASHREPORTER_SHUTDOWN="1" MOZ_NO_REMOTE="1" "/usr ... te" "--remote-debugging-port" "58691" "--remote-allow-hosts" "localhost" "-no-remote" "-profile" "/tmp/rust_mozprofileyHfqi0"
console.warn: services.settings: Ignoring preference override of remote settings server
console.warn: services.settings: Allow by setting MOZ_REMOTE_SETTINGS_DEVTOOLS=1 in the environment
ATTENTION: default value of option mesa_glthread overridden by environment.
1683941294983	Marionette	INFO	Marionette enabled
1683941294990	Marionette	INFO	Listening on port 36841
Read port: 36841
WebDriver BiDi listening on ws://127.0.0.1:58691
1683941295296	RemoteAgent	WARN	TLS certificate errors will be ignored for this session
console.error: ({})
console.warn: SearchSettings: "get: No settings file exists, new profile?" (new NotFoundError("Could not open the file at /tmp/rust_mozprofileyHfqi0/search.json.mozlz4", (void 0)))
[ERROR glean_core] Error setting metrics feature config: Json(Error("EOF while parsing a value", line: 1, column: 0))
1683941299434	Marionette	INFO	Stopped listening on port 32789
DevTools listening on ws://127.0.0.1:58691/devtools/browser/80f2561b-a24a-4588-a5c4-1470e71a5234
WARNING: A blocker encountered an error while we were waiting.
          Blocker:  Waiting for ping task
          Phase: TelemetryController: Waiting for pending ping activity
          State: (none)
WARNING: Error: Phase "profile-before-change" is finished, it is too late to register completion condition "OS.File: flush I/O queued before profileBeforeChange"
WARNING: addBlocker@resource://gre/modules/AsyncShutdown.sys.mjs:727:15
addBlocker@resource://gre/modules/AsyncShutdown.sys.mjs:523:26
addBlocker@resource://gre/modules/AsyncShutdown.sys.mjs:458:15
setupShutdown@resource://gre/modules/osfile/osfile_async_front.jsm:1548:28
@resource://gre/modules/osfile/osfile_async_front.jsm:1568:16
@resource://gre/modules/osfile.jsm:12:30
@resource://gre/modules/TelemetryStorage.sys.mjs:10:28
_checkPendingPings@resource://gre/modules/TelemetrySend.sys.mjs:863:17
setup@resource://gre/modules/TelemetrySend.sys.mjs:803:18
setup@resource://gre/modules/TelemetrySend.sys.mjs:241:30
setupTelemetry/this._delayedInitTask<@resource://gre/modules/TelemetryControllerParent.sys.mjs:824:36
observe@resource://gre/modules/AsyncShutdown.sys.mjs:576:16

console.error: "TelemetryScheduler.shutdown - Already shut down"
WARNING: A blocker encountered an error while we were waiting.
          Blocker:  Waiting for ping task
          Phase: TelemetryController: Waiting for pending ping activity
          State: (none)
WARNING: Error: Phase "profile-before-change" is finished, it is too late to register completion condition "OS.File: flush I/O queued before profileBeforeChange"
WARNING: addBlocker@resource://gre/modules/AsyncShutdown.sys.mjs:727:15
addBlocker@resource://gre/modules/AsyncShutdown.sys.mjs:523:26
addBlocker@resource://gre/modules/AsyncShutdown.sys.mjs:458:15
setupShutdown@resource://gre/modules/osfile/osfile_async_front.jsm:1548:28
@resource://gre/modules/osfile/osfile_async_front.jsm:1568:16
@resource://gre/modules/osfile.jsm:12:30
@resource://gre/modules/TelemetryStorage.sys.mjs:10:28
_checkPendingPings@resource://gre/modules/TelemetrySend.sys.mjs:863:17
setup@resource://gre/modules/TelemetrySend.sys.mjs:803:18
setup@resource://gre/modules/TelemetrySend.sys.mjs:241:30
setupTelemetry/this._delayedInitTask<@resource://gre/modules/TelemetryControllerParent.sys.mjs:824:36
observe@resource://gre/modules/AsyncShutdown.sys.mjs:576:16

WARNING: A blocker encountered an error while we were waiting.
          Blocker:  Waiting for ping task
          Phase: TelemetryController: Waiting for pending ping activity
          State: (none)
WARNING: Error: Phase "profile-before-change" is finished, it is too late to register completion condition "OS.File: flush I/O queued before profileBeforeChange"
WARNING: addBlocker@resource://gre/modules/AsyncShutdown.sys.mjs:727:15
addBlocker@resource://gre/modules/AsyncShutdown.sys.mjs:523:26
addBlocker@resource://gre/modules/AsyncShutdown.sys.mjs:458:15
setupShutdown@resource://gre/modules/osfile/osfile_async_front.jsm:1548:28
@resource://gre/modules/osfile/osfile_async_front.jsm:1568:16
@resource://gre/modules/osfile.jsm:12:30
@resource://gre/modules/TelemetryStorage.sys.mjs:10:28
_checkPendingPings@resource://gre/modules/TelemetrySend.sys.mjs:863:17
setup@resource://gre/modules/TelemetrySend.sys.mjs:803:18
setup@resource://gre/modules/TelemetrySend.sys.mjs:241:30
setupTelemetry/this._delayedInitTask<@resource://gre/modules/TelemetryControllerParent.sys.mjs:824:36
observe@resource://gre/modules/AsyncShutdown.sys.mjs:576:16

WARNING: A blocker encountered an error while we were waiting.
          Blocker:  TelemetryController: shutting down
          Phase: profile-before-change-telemetry
          State: Error getting state: Error: Phase "profile-before-change" is finished, it is too late to register completion condition "OS.File: flush I/O queued before profileBeforeChange" at addBlocker@resource://gre/modules/AsyncShutdown.sys.mjs:727:15
addBlocker@resource://gre/modules/AsyncShutdown.sys.mjs:523:26
addBlocker@resource://gre/modules/AsyncShutdown.sys.mjs:458:15
setupShutdown@resource://gre/modules/osfile/osfile_async_front.jsm:1548:28
@resource://gre/modules/osfile/osfile_async_front.jsm:1568:16
@resource://gre/modules/osfile.jsm:12:30
@resource://gre/modules/TelemetryStorage.sys.mjs:10:28
_checkPendingPings@resource://gre/modules/TelemetrySend.sys.mjs:863:17
setup@resource://gre/modules/TelemetrySend.sys.mjs:803:18
setup@resource://gre/modules/TelemetrySend.sys.mjs:241:30
setupTelemetry/this._delayedInitTask<@resource://gre/modules/TelemetryControllerParent.sys.mjs:824:36
observe@resource://gre/modules/AsyncShutdown.sys.mjs:576:16

WARNING: Error: Phase "profile-before-change" is finished, it is too late to register completion condition "OS.File: flush I/O queued before profileBeforeChange"
WARNING: addBlocker@resource://gre/modules/AsyncShutdown.sys.mjs:727:15
addBlocker@resource://gre/modules/AsyncShutdown.sys.mjs:523:26
addBlocker@resource://gre/modules/AsyncShutdown.sys.mjs:458:15
setupShutdown@resource://gre/modules/osfile/osfile_async_front.jsm:1548:28
@resource://gre/modules/osfile/osfile_async_front.jsm:1568:16
@resource://gre/modules/osfile.jsm:12:30
@resource://gre/modules/TelemetryStorage.sys.mjs:10:28
_checkPendingPings@resource://gre/modules/TelemetrySend.sys.mjs:863:17
setup@resource://gre/modules/TelemetrySend.sys.mjs:803:18
setup@resource://gre/modules/TelemetrySend.sys.mjs:241:30
setupTelemetry/this._delayedInitTask<@resource://gre/modules/TelemetryControllerParent.sys.mjs:824:36
observe@resource://gre/modules/AsyncShutdown.sys.mjs:576:16

JavaScript error: resource://gre/modules/AsyncShutdown.sys.mjs, line 727: Error: Phase "profile-before-change" is finished, it is too late to register completion condition "OS.File: flush I/O queued before profileBeforeChange"
JavaScript error: resource://gre/modules/AsyncShutdown.sys.mjs, line 727: Error: Phase "profile-before-change" is finished, it is too late to register completion condition "OS.File: flush I/O queued before profileBeforeChange"
JavaScript error: resource://gre/modules/AsyncShutdown.sys.mjs, line 727: Error: Phase "profile-before-change" is finished, it is too late to register completion condition "OS.File: flush I/O queued before profileBeforeChange"
JavaScript error: resource://gre/modules/AsyncShutdown.sys.mjs, line 727: Error: Phase "profile-before-change" is finished, it is too late to register completion condition "OS.File: flush I/O queued before profileBeforeChange"
JavaScript error: resource://gre/modules/AsyncShutdown.sys.mjs, line 727: Error: Phase "profile-before-change" is finished, it is too late to register completion condition "OS.File: flush I/O queued before profileBeforeChange"
JavaScript error: resource://gre/modules/AsyncShutdown.sys.mjs, line 727: Error: Phase "profile-before-change" is finished, it is too late to register completion condition "OS.File: flush I/O queued before profileBeforeChange"
JavaScript warning: https://books.toscrape.com/static/oscar/js/jquery/jquery-1.9.1.min.js, line 2: Using //@ to indicate sourceMappingURL pragmas is deprecated. Use //# instead
JavaScript warning: https://books.toscrape.com/static/oscar/js/jquery/jquery-1.9.1.min.js, line 2: Using //@ to indicate sourceMappingURL pragmas is deprecated. Use //# instead
1683941385340	geckodriver	INFO	Listening on 127.0.0.1:36515
1683941385905	mozrunner::runner	INFO	Running command: MOZ_CRASHREPORTER="1" MOZ_CRASHREPORTER_NO_REPORT="1" MOZ_CRASHREPORTER_SHUTDOWN="1" MOZ_NO_REMOTE="1" "/usr ... te" "--remote-debugging-port" "39149" "--remote-allow-hosts" "localhost" "-no-remote" "-profile" "/tmp/rust_mozprofileQ0ewuh"
console.warn: services.settings: Ignoring preference override of remote settings server
console.warn: services.settings: Allow by setting MOZ_REMOTE_SETTINGS_DEVTOOLS=1 in the environment
ATTENTION: default value of option mesa_glthread overridden by environment.
1683941386839	Marionette	INFO	Marionette enabled
1683941386848	Marionette	INFO	Listening on port 42871
Read port: 42871
WebDriver BiDi listening on ws://127.0.0.1:39149
1683941387120	RemoteAgent	WARN	TLS certificate errors will be ignored for this session
console.error: ({})
console.warn: SearchSettings: "get: No settings file exists, new profile?" (new NotFoundError("Could not open the file at /tmp/rust_mozprofileQ0ewuh/search.json.mozlz4", (void 0)))
[ERROR glean_core] Error setting metrics feature config: Json(Error("EOF while parsing a value", line: 1, column: 0))
DevTools listening on ws://127.0.0.1:39149/devtools/browser/aa126bd7-2026-445f-b70b-416114b07561
JavaScript warning: https://books.toscrape.com/static/oscar/js/jquery/jquery-1.9.1.min.js, line 2: Using //@ to indicate sourceMappingURL pragmas is deprecated. Use //# instead
JavaScript warning: https://books.toscrape.com/static/oscar/js/jquery/jquery-1.9.1.min.js, line 2: Using //@ to indicate sourceMappingURL pragmas is deprecated. Use //# instead
1683941395521	Marionette	INFO	Stopped listening on port 36841
1683941442644	geckodriver	INFO	Listening on 127.0.0.1:55713
1683941443207	mozrunner::runner	INFO	Running command: MOZ_CRASHREPORTER="1" MOZ_CRASHREPORTER_NO_REPORT="1" MOZ_CRASHREPORTER_SHUTDOWN="1" MOZ_NO_REMOTE="1" "/usr ... te" "--remote-debugging-port" "44617" "--remote-allow-hosts" "localhost" "-no-remote" "-profile" "/tmp/rust_mozprofilewLUvQu"
console.warn: services.settings: Ignoring preference override of remote settings server
console.warn: services.settings: Allow by setting MOZ_REMOTE_SETTINGS_DEVTOOLS=1 in the environment
ATTENTION: default value of option mesa_glthread overridden by environment.
1683941444145	Marionette	INFO	Marionette enabled
1683941444153	Marionette	INFO	Listening on port 38483
Read port: 38483
WebDriver BiDi listening on ws://127.0.0.1:44617
1683941444403	RemoteAgent	WARN	TLS certificate errors will be ignored for this session
console.error: ({})
console.warn: SearchSettings: "get: No settings file exists, new profile?" (new NotFoundError("Could not open the file at /tmp/rust_mozprofilewLUvQu/search.json.mozlz4", (void 0)))
1683941447582	Marionette	INFO	Stopped listening on port 42871
[ERROR glean_core] Error setting metrics feature config: Json(Error("EOF while parsing a value", line: 1, column: 0))
DevTools listening on ws://127.0.0.1:44617/devtools/browser/def33006-f210-4542-9dec-8696f5aca590
JavaScript warning: https://books.toscrape.com/static/oscar/js/jquery/jquery-1.9.1.min.js, line 2: Using //@ to indicate sourceMappingURL pragmas is deprecated. Use //# instead
JavaScript warning: https://books.toscrape.com/static/oscar/js/jquery/jquery-1.9.1.min.js, line 2: Using //@ to indicate sourceMappingURL pragmas is deprecated. Use //# instead
JavaScript warning: https://books.toscrape.com/static/oscar/js/jquery/jquery-1.9.1.min.js, line 2: Using //@ to indicate sourceMappingURL pragmas is deprecated. Use //# instead
JavaScript warning: https://books.toscrape.com/static/oscar/js/jquery/jquery-1.9.1.min.js, line 2: Using //@ to indicate sourceMappingURL pragmas is deprecated. Use //# instead
1683941562423	Marionette	INFO	Stopped listening on port 38483
1683941664356	geckodriver	INFO	Listening on 127.0.0.1:58445
1683941664919	mozrunner::runner	INFO	Running command: MOZ_CRASHREPORTER="1" MOZ_CRASHREPORTER_NO_REPORT="1" MOZ_CRASHREPORTER_SHUTDOWN="1" MOZ_NO_REMOTE="1" "/usr ... te" "--remote-debugging-port" "38083" "--remote-allow-hosts" "localhost" "-no-remote" "-profile" "/tmp/rust_mozprofileykCbHC"
console.warn: services.settings: Ignoring preference override of remote settings server
console.warn: services.settings: Allow by setting MOZ_REMOTE_SETTINGS_DEVTOOLS=1 in the environment
ATTENTION: default value of option mesa_glthread overridden by environment.
1683941665857	Marionette	INFO	Marionette enabled
1683941665865	Marionette	INFO	Listening on port 34507
Read port: 34507
WebDriver BiDi listening on ws://127.0.0.1:38083
1683941666136	RemoteAgent	WARN	TLS certificate errors will be ignored for this session
console.error: ({})
console.warn: SearchSettings: "get: No settings file exists, new profile?" (new NotFoundError("Could not open the file at /tmp/rust_mozprofileykCbHC/search.json.mozlz4", (void 0)))
[ERROR glean_core] Error setting metrics feature config: Json(Error("EOF while parsing a value", line: 1, column: 0))
DevTools listening on ws://127.0.0.1:38083/devtools/browser/08a83424-73f5-40c1-8a08-c9d0a4b671ab
JavaScript warning: https://books.toscrape.com/static/oscar/js/jquery/jquery-1.9.1.min.js, line 2: Using //@ to indicate sourceMappingURL pragmas is deprecated. Use //# instead
JavaScript warning: https://books.toscrape.com/static/oscar/js/jquery/jquery-1.9.1.min.js, line 2: Using //@ to indicate sourceMappingURL pragmas is deprecated. Use //# instead
JavaScript warning: https://books.toscrape.com/static/oscar/js/jquery/jquery-1.9.1.min.js, line 2: Using //@ to indicate sourceMappingURL pragmas is deprecated. Use //# instead
JavaScript warning: https://books.toscrape.com/static/oscar/js/jquery/jquery-1.9.1.min.js, line 2: Using //@ to indicate sourceMappingURL pragmas is deprecated. Use //# instead
1683950777221	Marionette	INFO	Stopped listening on port 34507
1683951002468	geckodriver	INFO	Listening on 127.0.0.1:46499
1683951003014	mozrunner::runner	INFO	Running command: MOZ_CRASHREPORTER="1" MOZ_CRASHREPORTER_NO_REPORT="1" MOZ_CRASHREPORTER_SHUTDOWN="1" MOZ_NO_REMOTE="1" "/usr ... te" "--remote-debugging-port" "58743" "--remote-allow-hosts" "localhost" "-no-remote" "-profile" "/tmp/rust_mozprofileZXJKh1"
console.warn: services.settings: Ignoring preference override of remote settings server
console.warn: services.settings: Allow by setting MOZ_REMOTE_SETTINGS_DEVTOOLS=1 in the environment
ATTENTION: default value of option mesa_glthread overridden by environment.
1683951004541	Marionette	INFO	Marionette enabled
1683951004550	Marionette	INFO	Listening on port 45415
Read port: 45415
WebDriver BiDi listening on ws://127.0.0.1:58743
1683951004995	RemoteAgent	WARN	TLS certificate errors will be ignored for this session
console.error: ({})
console.warn: SearchSettings: "get: No settings file exists, new profile?" (new NotFoundError("Could not open the file at /tmp/rust_mozprofileZXJKh1/search.json.mozlz4", (void 0)))
[ERROR glean_core] Error setting metrics feature config: Json(Error("EOF while parsing a value", line: 1, column: 0))
DevTools listening on ws://127.0.0.1:58743/devtools/browser/4d6adb6e-ea54-484a-b740-0fc7953aac84
ATTENTION: default value of option mesa_glthread overridden by environment.
JavaScript warning: https://github.githubassets.com/assets/vendors-node_modules_github_webgl-globe_dist_js_main_js-13e563907b63.js, line 1: Failed to create WebGL context: WebGL creation failed: 
* tryNativeGL (FEATURE_FAILURE_EGL_NO_CONFIG)
* Exhausted GL driver options. (FEATURE_FAILURE_WEBGL_EXHAUSTED_DRIVERS)
JavaScript error: resource://gre/modules/AsyncShutdown.sys.mjs, line 576: NotFoundError: No such JSWindowActor 'DevToolsFrame'
1683951063750	Marionette	INFO	Stopped listening on port 45415
